<?xml version="1.0" encoding="UTF-8"?>
<!-- Generated by org.testng.reporters.JUnitReportReporter -->
<testsuite hostname="DESKTOP-LE5A5LE" failures="0" tests="1" name="testjava.LoginToWebsite" time="14.712" errors="0" timestamp="2024-01-29T13:50:07 IST" skipped="0">
  <testcase classname="testjava.LoginToWebsite" name="LoginToAmazon" time="14.712"/>
  <system-out/>
</testsuite> <!-- testjava.LoginToWebsite -->
