<?xml version="1.0" encoding="UTF-8"?>
<!-- Generated by org.testng.reporters.JUnitReportReporter -->
<testsuite hostname="DESKTOP-LE5A5LE" failures="0" tests="3" name="testjava.ManageList" time="27.495" errors="0" timestamp="2024-01-29T13:50:07 IST" skipped="0">
  <testcase classname="testjava.ManageList" name="createListaaa" time="10.885"/>
  <system-out/>
  <testcase classname="testjava.ManageList" name="listmanage" time="9.074"/>
  <system-out/>
  <testcase classname="testjava.ManageList" name="delthelist" time="7.536"/>
  <system-out/>
</testsuite> <!-- testjava.ManageList -->
