<?xml version="1.0" encoding="UTF-8"?>
<!-- Generated by org.testng.reporters.JUnitReportReporter -->
<testsuite hostname="DESKTOP-LE5A5LE" failures="0" tests="3" name="testjava.addNewAdress" time="23.565" errors="0" timestamp="2024-03-01T18:44:35 IST" skipped="1">
  <testcase classname="testjava.addNewAdress" name="addNewdeliveryaddress" time="2.554">
    <skipped/>
  </testcase> <!-- addNewdeliveryaddress -->
  <system-out/>
  <testcase classname="testjava.addNewAdress" name="addNewdeliveryaddress" time="17.904"/>
  <system-out/>
  <testcase classname="testjava.addNewAdress" name="removeadress" time="3.107"/>
  <system-out/>
</testsuite> <!-- testjava.addNewAdress -->
