<?xml version="1.0" encoding="UTF-8"?>
<!-- Generated by org.testng.reporters.JUnitReportReporter -->
<testsuite hostname="DESKTOP-LE5A5LE" failures="0" tests="1" name="testjava.Logoutfromwebsite" time="3.570" errors="0" timestamp="2024-03-01T18:44:35 IST" skipped="0">
  <testcase classname="testjava.Logoutfromwebsite" name="logouttt" time="3.570"/>
  <system-out/>
</testsuite> <!-- testjava.Logoutfromwebsite -->
