<?xml version="1.0" encoding="UTF-8"?>
<!-- Generated by org.testng.reporters.JUnitReportReporter -->
<testsuite hostname="DESKTOP-LE5A5LE" failures="0" tests="1" name="testjava.LoginToWebsite" time="15.925" errors="0" timestamp="2024-03-01T20:12:29 IST" skipped="0">
  <testcase classname="testjava.LoginToWebsite" name="LoginToAmazon" time="15.925"/>
  <system-out/>
</testsuite> <!-- testjava.LoginToWebsite -->
