<?xml version="1.0" encoding="UTF-8"?>
<!-- Generated by org.testng.reporters.JUnitReportReporter -->
<testsuite hostname="DESKTOP-LE5A5LE" failures="0" tests="4" name="testjava.ManageList" time="39.046" errors="0" timestamp="2024-03-01T18:44:35 IST" skipped="1">
  <testcase classname="testjava.ManageList" name="createListaaa" time="11.205"/>
  <system-out/>
  <testcase classname="testjava.ManageList" name="listmanage" time="9.087"/>
  <system-out/>
  <testcase classname="testjava.ManageList" name="delthelist" time="7.296"/>
  <system-out/>
  <testcase classname="testjava.ManageList" name="delthelist" time="11.458">
    <skipped/>
  </testcase> <!-- delthelist -->
  <system-out/>
</testsuite> <!-- testjava.ManageList -->
