<?xml version="1.0" encoding="UTF-8"?>
<!-- Generated by org.testng.reporters.JUnitReportReporter -->
<testsuite hostname="DESKTOP-LE5A5LE" failures="0" tests="3" name="testjava.addNewAdress" time="25.168" errors="0" timestamp="2024-01-29T13:50:07 IST" skipped="1">
  <testcase classname="testjava.addNewAdress" name="addNewdeliveryaddress" time="19.532"/>
  <system-out/>
  <testcase classname="testjava.addNewAdress" name="addNewdeliveryaddress" time="2.709">
    <skipped/>
  </testcase> <!-- addNewdeliveryaddress -->
  <system-out/>
  <testcase classname="testjava.addNewAdress" name="removeadress" time="2.927"/>
  <system-out/>
</testsuite> <!-- testjava.addNewAdress -->
