<?xml version="1.0" encoding="UTF-8"?>
<!-- Generated by org.testng.reporters.JUnitReportReporter -->
<testsuite hostname="DESKTOP-LE5A5LE" failures="0" tests="1" name="testjava.LoginToWebsite" time="17.185" errors="0" timestamp="01 Mar 2024 14:32:08 GMT" skipped="0">
  <testcase classname="testjava.LoginToWebsite" name="LoginToAmazon" time="17.185"/>
</testsuite> <!-- testjava.LoginToWebsite -->
